maitelli	1
maitelli	1
maitelli	1
diogolr	1
maitelli	1
cetdorea	1
cetdorea	1
maitelli	1
maitelli	1
cetdorea	1
maitelli	1
medeiros	1
maitelli	1
pmotta	1
samuel	1
manguinho	1
manguinho	1
manguinho	1
manguinho	1
manguinho	1
manguinho	1
mfernandes	1
giovani	1
giovani	1
giovani	1
giovani	1
giovani	1
giovani	1
giovani	1
giovani	1
anamaria	1
giovani	1
giovani	1
giovani	1
giovani	1
giovani	1
giovani	1
adriao	1
helton	1
daniel	1
juliano	1
talis	1
mfernandes	1
agiselle	1
manguinho	1
mfernandes	1
manguinho	1
manguinho	1
manguinho	1
manguinho	1
manguinho	1
manguinho	1
maitelli	1
manguinho	1
ithamar	1
ithamar	1
ithamar	1
mfernandes	1
maitelli	1
maitelli	1
maitelli	1
nathalee	1
maitelli	1
giovani	1
manguinho	1
manguinho	1
manguinho	1
manguinho	1
manguinho	1
manguinho	1
mfernandes	1
curvelo	1
marcelo	1
ithamar	1
ithamar	1
ivan	1
ivan	1
ivan	1
manguinho	1
mfernandes	1
tfcporciuncula	1
talis	1
giovani	1
juliano	1
diogo	1
lfelipe	1
mfernandes	1
manguinho	1
manguinho	1
dennis	1
adriao	1
mota	1
mota	1
manguinho	1
manguinho	1
luizmedeiros	1
mfernandes	1
pablo	1
pablo	1
pablo	1
pablo	1
pablo	1
pablo	1
giovani	1
pablo	1
pablo	1
mfernandes	1
pablo	1
pablo	1
pablo	1
pablo	1
pablo	1
pablo	1
rivaldo	1
pablo	1
pablo	1
pablo	1
pablo	1
pablo	1
pablo	1
pablo	1
pablo	1
pablo	1
pablo	1
pablo	1
manguinho	1
mfernandes	1
diogo	1
diogo	1
diogo	1
diogo	1
diogo	1
diogo	1
mfernandes	1
diogo	1
diogo	1
diogo	1
diogo	1
diogo	1
diogo	1
talis	1
diogo	1
diogo	1
joaz	1
joaz	1
joaz	1
manguinho	1
diogo	1
diogo	1
diogo	1
danlartin	1
diogo	1
mfernandes	1
pablo	1
giovani	1
eyglys	1
aguinaldo	1
joaz	1
mfernandes	1
joaz	1
joaz	1
joaz	1
joaz	1
pablo	1
pablo	1
manguinho	1
pablo	1
diogo	1
diogo	1
diogo	1
diogo	1
pablo	1
pablo	1
diogo	1
pablo	1
diogo	1
pablo	1
pablo	1
pablo	1
pablo	1
diogo	1
diogo	1
andremacedo	1
diogo	1
andremacedo	1
andremacedo	1
mfernandes	1
andremacedo	1
guga	1
andremacedo	1
andremacedo	1
manguinho	1
andremacedo	1
pablo	1
pablo	1
pablo	1
pablo	1
pablo	1
pablo	1
pablo	1
pablo	1
pablo	1
diogo	1
diogo	1
giovani	1
adriao	1
diogo	1
diogo	1
diogo	1
diogo	1
diogo	1
mfernandes	1
amalusia	1
amalusia	1
amalusia	1
diogo	1
amalusia	1
diogo	1
diogo	1
diogo	1
diogo	1
lsavio	1
lsavio	1
lsavio	1
lsavio	1
manguinho	1
talis	1
diogo	1
diogo	1
amalusia	1
amalusia	1
amalusia	1
amalusia	1
mfernandes	1
amalusia	1
andremacedo	1
amalusia	1
amalusia	1
amalusia	1
amalusia	1
diogo	1
manguinho	1
pablo	1
giovani	1
joaomedeiros	1
diegomoura	1
diegomoura	1
diegomoura	1
lg	1
lg	1
andremacedo	1
lg	1
lg	1
lg	1
diegomoura	1
diegomoura	1
lg	1
danise	1
mfernandes	1
diegomoura	1
diogo	1
lsavio	1
manguinho	1
carlosalberto	1
giovani	1
mfernandes	1
diogo	1
andremacedo	1
manguinho	1
pablo	1
mota	1
giovani	1
gsantos	1
gsantos	1
gsantos	1
gsantos	1
lg	1
cicilia	1
gsantos	1
gsantos	1
mfernandes	1
frederik	1
diogo	1
talis	1
diogo	1
lsavio	1
lucas	1
manguinho	1
danielmacedo	1
ppgeec	1
ppgeec	1
ithamar	1
ithamar	1
ppgeec	1
ppgeec	1
ppgeec	1
ppgeec	1
fatima	1
fatima	1
fatima	1
fatima	1
fatima	1
fatima	1
fatima	1
ppgeec	1
ppgeec	1
ppgeec	1
fatima	1
ppgeec	1
mfernandes	1
andremacedo	1
diogo	1
manguinho	1
pablo	1
giovani	1
adriao	1
ambj	1
lg	1
lsavio	1
gsantos	1
diogo	1
mfernandes	1
manguinho	1
lsavio	1
manguinho	1
ppgeec	1
ppgeec	1
rmoura	1
diogo	1
ppgeec	1
mfernandes	1
andremacedo	1
manguinho	1
ppgeec	1
pablo	1
giovani	1
andres	1
andres	1
andres	1
andres	1
andres	1
andres	1
andres	1
andres	1
andres	1
andres	1
andres	1
lg	1
diogo	1
gsantos	1
andres	1
mfernandes	1
mota	1
manguinho	1
talis	1
allanrsv	1
maitelli	1
diogo	1
andres	1
andres	1
ppgeec	1
andremacedo	1
lennedy	1
mfernandes	1
affonso	1
sarah	1
macedofirmino	1
pablo	1
giovani	1
mfernandes	1
brunogomes	1
lg	1
gsantos	1
diogo	1
andres	1
mfernandes	1
andres	1
adelsonlima	1
gsantos	1
gsantos	1
adriao	1
ppgeec	1
andremacedo	1
ppgeec	1
andres	1
luizmedeiros	1
mfernandes	1
diogo	1
andremacedo	1
pablo	1
andres	1
crisluci	1
crisluci	1
crisluci	1
giovani	1
crisluci	1
andres	1
glaucio	1
lg	1
gsantos	1
andres	1
crisluci	1
andres	1
andres	1
crisluci	1
crisluci	1
andres	1
crisluci	1
crisluci	1
crisluci	1
crisluci	1
crisluci	1
crisluci	1
diogolr	1
mfernandes	1
medeiros	1
pmotta	1
diogo	1
ppgeec	1
andremacedo	1
talis	1
anamaria	1
mota	1
pablo	1
giovani	1
mfernandes	1
lg	1
helton	1
gsantos	1
daniel	1
andres	1
agiselle	1
diogo	1
mfernandes	1
ppgeec	1
andremacedo	1
nathalee	1
campos	1
campos	1
campos	1
pablo	1
campos	1
campos	1
campos	1
campos	1
giovani	1
adriao	1
diogo	1
andremacedo	1
armando	1
armando	1
armando	1
campos	1
armando	1
lg	1
gsantos	1
ppgeec	1
andres	1
curvelo	1
mfernandes	1
diogo	1
marcelo	1
armando	1
armando	1
armando	1
ithamar	1
ithamar	1
armando	1
armando	1
armando	1
armando	1
armando	1
armando	1
armando	1
armando	1
armando	1
ppgeec	1
tfcporciuncula	1
andremacedo	1
diogo	1
armando	1
pablo	1
giovani	1
armando	1
armando	1
armando	1
armando	1
armando	1
armando	1
armando	1
armando	1
armando	1
lg	1
rivaldo	1
gsantos	1
mfernandes	1
andres	1
mfernandes	1
lfelipe	1
diogo	1
acpifer	1
talis	1
pablo	1
pablo	1
dennis	1
pmotta	1
pmotta	1
pmotta	1
acpifer	1
acpifer	1
acpifer	1
acpifer	1
acpifer	1
pablo	1
santana	1
pmotta	1
santana	1
santana	1
santana	1
santana	1
mfernandes	1
jdmelo	1
jdmelo	1
jdmelo	1
jdmelo	1
jdmelo	1
santana	1
santana	1
jdmelo	1
jdmelo	1
diogo	1
santana	1
danlartin	1
armando	1
jdmelo	1
jdmelo	1
ppgeec	1
jdmelo	1
jdmelo	1
ithamar	1
ithamar	1
santana	1
andremacedo	1
pmotta	1
jdmelo	1
jdmelo	1
luizmedeiros	1
pmotta	1
eyglys	1
pablo	1
santana	1
santana	1
santana	1
jdmelo	1
jdmelo	1
pablo	1
jdmelo	1
jdmelo	1
pablo	1
manguinho	1
manguinho	1
manguinho	1
santana	1
jdmelo	1
santana	1
jdmelo	1
jdmelo	1
giovani	1
santana	1
pablo	1
mfernandes	1
jdmelo	1
armando	1
armando	1
andres	1
aguinaldo	1
andres	1
andres	1
andres	1
andres	1
andres	1
andres	1
andres	1
andres	1
andres	1
pmotta	1
andres	1
lg	1
pmotta	1
mfernandes	1
pmotta	1
gsantos	1
manguinho	1
jdmelo	1
diogo	1
pablo	1
andres	1
pablo	1
jdmelo	1
jdmelo	1
pablo	1
jdmelo	1
manguinho	1
jdmelo	1
jdmelo	1
jdmelo	1
jdmelo	1
jdmelo	1
pablo	1
ithamar	1
ithamar	1
jdmelo	1
jdmelo	1
jdmelo	1
jdmelo	1
pablo	1
jdmelo	1
jdmelo	1
jdmelo	1
armando	1
armando	1
mfernandes	1
jdmelo	1
jdmelo	1
jdmelo	1
guga	1
jdmelo	1
jdmelo	1
jdmelo	1
jdmelo	1
pablo	1
pablo	1
pablo	1
jdmelo	1
jdmelo	1
jdmelo	1
jdmelo	1
jdmelo	1
pablo	1
pablo	1
jdmelo	1
pablo	1
pablo	1
armando	1
diogo	1
pablo	1
ppgeec	1
jdmelo	1
jdmelo	1
andremacedo	1
jdmelo	1
jdmelo	1
jdmelo	1
jdmelo	1
jdmelo	1
jdmelo	1
jdmelo	1
jdmelo	1
jdmelo	1
jdmelo	1
mfernandes	1
jdmelo	1
jdmelo	1
jdmelo	1
jdmelo	1
jdmelo	1
manguinho	1
jdmelo	1
giovani	1
adriao	1
jdmelo	1
jdmelo	1
armando	1
armando	1
manguinho	1
lg	1
manguinho	1
jdmelo	1
jdmelo	1
gsantos	1
jdmelo	1
pablo	1
pablo	1
jdmelo	1
jdmelo	1
manguinho	1
pablo	1
jdmelo	1
pablo	1
pablo	1
jdmelo	1
jdmelo	1
pablo	1
andres	1
pablo	1
pablo	1
pablo	1
pablo	1
pablo	1
andremacedo	1
jdmelo	1
jdmelo	1
pablo	1
diogo	1
pablo	1
mfernandes	1
armando	1
andremacedo	1
jdmelo	1
ppgeec	1
andremacedo	1
fatima	1
fatima	1
fatima	1
joaomedeiros	1
fatima	1
fatima	1
fatima	1
fatima	1
andremacedo	1
fatima	1
danise	1
fatima	1
mfernandes	1
manguinho	1
giovani	1
fatima	1
ppgeec	1
diogo	1
ppgeec	1
fatima	1
ppgeec	1
pablo	1
ppgeec	1
pablo	1
pablo	1
lg	1
fatima	1
gsantos	1
fatima	1
pablo	1
pablo	1
fatima	1
pablo	1
pablo	1
fatima	1
fatima	1
pablo	1
pablo	1
fatima	1
andremacedo	1
pablo	1
andres	1
pablo	1
pablo	1
fatima	1
pablo	1
talis	1
pablo	1
pablo	1
pablo	1
andremacedo	1
pablo	1
pablo	1
carlosalberto	1
pablo	1
pablo	1
pablo	1
pablo	1
pablo	1
giovani	1
mfernandes	1
pmotta	1
pablo	1
jdmelo	1
pablo	1
diogo	1
maitelli	1
maitelli	1
andremacedo	1
maitelli	1
maitelli	1
cicilia	1
adriao	1
pablo	1
pablo	1
pablo	1
pablo	1
pablo	1
pablo	1
manguinho	1
giovani	1
lg	1
pablo	1
pablo	1
gsantos	1
pablo	1
pablo	1
andres	1
mfernandes	1
lucas	1
danielmacedo	1
pablo	1
diogo	1
jdmelo	1
pablo	1
andremacedo	1
mfernandes	1
manguinho	1
giovani	1
adriao	1
adriao	1
adriao	1
andremacedo	1
adriao	1
xamd	1
lg	1
xamd	1
xamd	1
gsantos	1
andremacedo	1
adriao	1
xamd	1
xamd	1
adriao	1
xamd	1
xamd	1
adriao	1
xamd	1
xamd	1
andres	1
andres	1
xamd	1
xamd	1
manguinho	1
frederik	1
adriao	1
adriao	1
adriao	1
adriao	1
andres	1
adriao	1
andres	1
pablo	1
rmoura	1
adriao	1
adriao	1
adriao	1
adriao	1
diogo	1
fatima	1
fatima	1
fatima	1
santana	1
ivan	1
ivan	1
ivan	1
santana	1
santana	1
pmotta	1
pmotta	1
pmotta	1
ivan	1
santana	1
adriao	1
santana	1
adriao	1
jdmelo	1
adriao	1
ithamar	1
ithamar	1
ithamar	1
andremacedo	1
mfernandes	1
andremacedo	1
andres	1
adriao	1
adriao	1
fatima	1
fatima	1
andres	1
fatima	1
fatima	1
fatima	1
giovani	1
manguinho	1
ambj	1
lg	1
gsantos	1
aloise	1
aloise	1
aloise	1
aloise	1
andres	1
andres	1
allanrsv	1
andres	1
pablo	1
andres	1
maitelli	1
talis	1
diogo	1
fatima	1
andres	1
lennedy	1
jdmelo	1
affonso	1
sarah	1
mfernandes	1
pablo	1
pablo	1
macedofirmino	1
pablo	1
pablo	1
andremacedo	1
pablo	1
pablo	1
pablo	1
campos	1
campos	1
campos	1
campos	1
campos	1
pablo	1
giovani	1
pablo	1
pablo	1
manguinho	1
pablo	1
meneghet	1
pablo	1
andres	1
andres	1
andres	1
andres	1
andres	1
andres	1
lg	1
andres	1
andres	1
andres	1
andres	1
andres	1
brunogomes	1
gsantos	1
campos	1
andres	1
adelsonlima	1
pablo	1
mfernandes	1
pablo	1
pablo	1
diogo	1
jdmelo	1
luizmedeiros	1
mfernandes	1
andremacedo	1
andremacedo	1
adriao	1
giovani	1
manguinho	1
lg	1
gsantos	1
mfernandes	1
diogolr	1
glaucio	1
andres	1
medeiros	1
pmotta	1
pablo	1
andremacedo	1
mfernandes	1
anamaria	1
jdmelo	1
andremacedo	1
helton	1
diogo	1
daniel	1
giovani	1
manguinho	1
meneghet	1
lg	1
mfernandes	1
pmotta	1
gsantos	1
agiselle	1
andres	1
mfernandes	1
pablo	1
mfernandes	1
jdmelo	1
nathalee	1
pmotta	1
manguinho	1
mfernandes	1
andremacedo	1
giovani	1
manguinho	1
talis	1
lg	1
gsantos	1
curvelo	1
mfernandes	1
andres	1
marcelo	1
santana	1
santana	1
santana	1
diogo	1
santana	1
santana	1
santana	1
santana	1
pablo	1
pmotta	1
tfcporciuncula	1
luttiane	1
luttiane	1
luttiane	1
mfernandes	1
luttiane	1
jdmelo	1
luttiane	1
luttiane	1
andremacedo	1
adriao	1
maitelli	1
giovani	1
meneghet	1
mfernandes	1
lg	1
samuel	1
gsantos	1
samuel	1
maitelli	1
andres	1
dennis	1
pmotta	1
pablo	1
mfernandes	1
jdmelo	1
ithamar	1
ithamar	1
maitelli	1
andremacedo	1
pablo	1
pablo	1
mfernandes	1
giovani	1
pablo	1
pmotta	1
lg	1
pablo	1
pablo	1
rivaldo	1
pablo	1
gsantos	1
pmotta	1
pmotta	1
pmotta	1
pmotta	1
pmotta	1
campos	1
campos	1
campos	1
andres	1
pablo	1
pablo	1
pablo	1
diogo	1
mfernandes	1
mfernandes	1
joaomedeiros	1
pablo	1
pablo	1
pablo	1
pablo	1
jdmelo	1
danlartin	1
andremacedo	1
luizmedeiros	1
pmotta	1
eyglys	1
mfernandes	1
giovani	1
aguinaldo	1
lg	1
andres	1
andres	1
andres	1
andres	1
andres	1
andres	1
andres	1
andres	1
andres	1
andres	1
andres	1
gsantos	1
giovani	1
santana	1
santana	1
santana	1
maitelli	1
santana	1
andres	1
pablo	1
santana	1
mfernandes	1
guga	1
santana	1
santana	1
jdmelo	1
pmotta	1
lfelipe	1
andremacedo	1
talis	1
giovani	1
lg	1
mfernandes	1
gsantos	1
santana	1
andres	1
diogo	1
pablo	1
campos	1
campos	1
campos	1
jdmelo	1
mfernandes	1
pmotta	1
andremacedo	1
danise	1
giovani	1
lg	1
armando	1
armando	1
armando	1
santana	1
andres	1
carlosalberto	1
pablo	1
mfernandes	1
manguinho	1
pmotta	1
jdmelo	1
andremacedo	1
cicilia	1
giovani	1
allanrsv	1
lg	1
armando	1
maitelli	1
santana	1
mfernandes	1
andres	1
lucas	1
adriao	1
danielmacedo	1
diogo	1
diegorc	1
pablo	1
affonso	1
diegorc	1
diegorc	1
diegorc	1
andres	1
andres	1
andres	1
andres	1
andres	1
andres	1
andres	1
andres	1
andres	1
andres	1
andres	1
diegorc	1
maitelli	1
pmotta	1
jdmelo	1
andremacedo	1
giovani	1
brunogomes	1
lg	1
mfernandes	1
armando	1
kayokgs	1
kayokgs	1
kayokgs	1
santana	1
diegorc	1
frederik	1
andres	1
kayokgs	1
pablo	1
rmoura	1
diegorc	1
kayokgs	1
maitelli	1
pmotta	1
jdmelo	1
ithamar	1
ithamar	1
andremacedo	1
fernandesmva	1
fernandesmva	1
fernandesmva	1
andremacedo	1
giovani	1
ambj	1
diegorc	1
diegorc	1
lg	1
mfernandes	1
armando	1
kayokgs	1
kayokgs	1
kayokgs	1
kayokgs	1
kayokgs	1
adelardo	1
adelardo	1
adelardo	1
santana	1
adelardo	1
adelardo	1
andres	1
adelardo	1
adelardo	1
adelardo	1
adelardo	1
adelardo	1
adelardo	1
adelardo	1
talis	1
adelardo	1
adelardo	1
adelardo	1
adelardo	1
anamaria	1
adelardo	1
glaucio	1
pablo	1
adelardo	1
diegorc	1
adelardo	1
pmotta	1
lennedy	1
jdmelo	1
sarah	1
diogo	1
rviegasjr	1
rviegasjr	1
rviegasjr	1
rviegasjr	1
rviegasjr	1
rviegasjr	1
santana	1
santana	1
macedofirmino	1
santana	1
santana	1
santana	1
santana	1
santana	1
rviegasjr	1
rviegasjr	1
andremacedo	1
kayokgs	1
kayokgs	1
santana	1
kayokgs	1
santana	1
giovani	1
adelardo	1
adelardo	1
adelardo	1
adelardo	1
adelardo	1
adelardo	1
adelardo	1
lg	1
adelardo	1
adelardo	1
adelardo	1
adelardo	1
adelardo	1
adelardo	1
adelardo	1
adelardo	1
adelardo	1
armando	1
mfernandes	1
adelardo	1
adelardo	1
adelardo	1
santana	1
adelardo	1
adelardo	1
andres	1
adelardo	1
adelardo	1
adelardo	1
adelardo	1
adelardo	1
adelardo	1
adelardo	1
adelardo	1
adelardo	1
adelardo	1
adelardo	1
adelardo	1
adelsonlima	1
adelardo	1
adelardo	1
adelardo	1
adelardo	1
pablo	1
adelardo	1
adelardo	1
adelardo	1
adelardo	1
adelardo	1
kayokgs	1
kayokgs	1
kayokgs	1
diegorc	1
pmotta	1
adelardo	1
adelardo	1
adelardo	1
adelardo	1
adelardo	1
adelardo	1
adelardo	1
adelardo	1
adelardo	1
adelardo	1
adelardo	1
adelardo	1
adelardo	1
adelardo	1
adelardo	1
adelardo	1
adelardo	1
adelardo	1
adelardo	1
adelardo	1
adelardo	1
adelardo	1
adelardo	1
adelardo	1
adelardo	1
jdmelo	1
luizmedeiros	1
adelardo	1
adelardo	1
ivan	1
ivan	1
ivan	1
adelardo	1
adelardo	1
adelardo	1
adelardo	1
adelardo	1
adelardo	1
adelardo	1
adelardo	1
andremacedo	1
kayokgs	1
kayokgs	1
giovani	1
kayokgs	1
lg	1
diogolr	1
armando	1
andres	1
medeiros	1
mfernandes	1
pablo	1
pmotta	1
diegorc	1
diegorc	1
jdmelo	1
diegorc	1
diegorc	1
ivan	1
diegorc	1
fary	1
diegorc	1
fary	1
fary	1
fary	1
diegorc	1
andremacedo	1
helton	1
daniel	1
giovani	1
dennis	1
pablo	1
pablo	1
lg	1
pablo	1
pablo	1
armando	1
pablo	1
pablo	1
agiselle	1
pablo	1
diogo	1
andres	1
pmotta	1
pablo	1
manguinho	1
joaomedeiros	1
pablo	1
pablo	1
pablo	1
pablo	1
diegorc	1
pablo	1
pablo	1
pablo	1
pablo	1
pablo	1
pablo	1
pablo	1
pablo	1
pablo	1
pablo	1
pablo	1
jdmelo	1
nathalee	1
mfernandes	1
ivan	1
andremacedo	1
giovani	1
lg	1
curvelo	1
armando	1
marcelo	1
andres	1
pmotta	1
diegorc	1
andres	1
andres	1
andres	1
andres	1
andres	1
andres	1
andres	1
andres	1
andres	1
andres	1
andres	1
tfcporciuncula	1
jdmelo	1
ivan	1
amalusia	1
amalusia	1
amalusia	1
andremacedo	1
giovani	1
lg	1
armando	1
diogo	1
armando	1
amalusia	1
amalusia	1
amalusia	1
samuel	1
mota	1
pmotta	1
danlartin	1
luizmedeiros	1
mfernandes	1
eyglys	1
cetdorea	1
maitelli	1
aguinaldo	1
affonso	1
adriao	1
adriao	1
armando	1
giovani	1
guga	1
amalusia	1
amalusia	1
amalusia	1
amalusia	1
amalusia	1
amalusia	1
pmotta	1
ivan	1
ivan	1
ivan	1
armando	1
ivan	1
ivan	1
kayokgs	1
kayokgs	1
kayokgs	1
mfernandes	1
ivan	1
ivan	1
ivan	1
ivan	1
allanrsv	1
giovani	1
danise	1
pmotta	1
anamaria	1
armando	1
diogo	1
carlosalberto	1
adriao	1
ivan	1
glaucio	1
manguinho	1
cicilia	1
mfernandes	1
brunogomes	1
armando	1
lucas	1
danielmacedo	1
pmotta	1
giovani	1
andres	1
andres	1
andres	1
andres	1
andres	1
andres	1
andres	1
andres	1
andres	1
andres	1
andres	1
ivan	1
talis	1
lfelipe	1
mota	1
mota	1
mota	1
mota	1
armando	1
frederik	1
joaomedeiros	1
rmoura	1
mfernandes	1
pmotta	1
ambj	1
giovani	1
armando	1
diogo	1
ithamar	1
ithamar	1
ithamar	1
ithamar	1
ithamar	1
lennedy	1
sarah	1
abner	1
abner	1
abner	1
diogolr	1
julianamedeiros	1
julianamedeiros	1
julianamedeiros	1
julianamedeiros	1
julianamedeiros	1
armando	1
pmotta	1
adelsonlima	1
luizmedeiros	1
macedofirmino	1
dennis	1
mfernandes	1
julianamedeiros	1
giovani	1
julianamedeiros	1
julianamedeiros	1
julianamedeiros	1
julianamedeiros	1
armando	1
julianamedeiros	1
julianamedeiros	1
medeiros	1
amalusia	1
amalusia	1
amalusia	1
amalusia	1
julianamedeiros	1
julianamedeiros	1
vinicius	1
julianamedeiros	1
julianamedeiros	1
julianamedeiros	1
julianamedeiros	1
maitelli	1
pmotta	1
helton	1
daniel	1
julianamedeiros	1
affonso	1
marcelo	1
diogo	1
armando	1
agiselle	1
adriao	1
nathalee	1
manguinho	1
julianamedeiros	1
mfernandes	1
curvelo	1
giovani	1
armando	1
pmotta	1
andres	1
andres	1
andres	1
andres	1
andres	1
andres	1
andres	1
andres	1
andres	1
andres	1
andres	1
tfcporciuncula	1
talis	1
vinicius	1
julianamedeiros	1
anamaria	1
armando	1
diogo	1
juliano	1
giovani	1
rivaldo	1
filipe	1
juliano	1
juliano	1
juliano	1
filipe	1
armando	1
juliano	1
glaucio	1
pmotta	1
campos	1
campos	1
campos	1
ithamar	1
ithamar	1
joaomedeiros	1
giovani	1
mfernandes	1
danlartin	1
luizmedeiros	1
eyglys	1
aguinaldo	1
giovani	1
armando	1
campos	1
campos	1
campos	1
guga	1
diogo	1
giovani	1
fernandesmva	1
fernandesmva	1
fernandesmva	1
campos	1
pmotta	1
giovani	1
allanrsv	1
manguinho	1
danise	1
acpifer	1
acpifer	1
acpifer	1
acpifer	1
acpifer	1
lucas	1
mfernandes	1
carlosalberto	1
campos	1
giovani	1
kayokgs	1
kayokgs	1
kayokgs	1
kayokgs	1
pmotta	1
pmotta	1
pmotta	1
pmotta	1
diogo	1
maitelli	1
cicilia	1
brunogomes	1
affonso	1
danielmacedo	1
pmotta	1
giovani	1
campos	1
kayokgs	1
andres	1
andres	1
andres	1
andres	1
andres	1
andres	1
andres	1
andres	1
andres	1
andres	1
andres	1
adriao	1
juliano	1
frederik	1
talis	1
campos	1
giovani	1
rmoura	1
samuel	1
samuel	1
kayokgs	1
andres	1
andres	1
andres	1
andres	1
andres	1
andres	1
andres	1
andres	1
andres	1
andres	1
andres	1
andres	1
pmotta	1
pmotta	1
pmotta	1
andres	1
andres	1
andres	1
andres	1
andres	1
andres	1
adriao	1
pmotta	1
diogo	1
ambj	1
andres	1
andres	1
campos	1
adriao	1
mfernandes	1
ithamar	1
ithamar	1
kayokgs	1
giovani	1
andres	1
lennedy	1
refs	1
refs	1
refs	1
refs	1
sarah	1
marcelo	1
joaomedeiros	1
diogolr	1
crisluci	1
crisluci	1
crisluci	1
crisluci	1
crisluci	1
adelsonlima	1
campos	1
kayokgs	1
lfelipe	1
pmotta	1
andres	1
crisluci	1
crisluci	1
crisluci	1
crisluci	1
luizmedeiros	1
crisluci	1
macedofirmino	1
anamaria	1
dennis	1
giovani	1
glaucio	1
crisluci	1
viviane	1
viviane	1
viviane	1
viviane	1
viviane	1
viviane	1
viviane	1
viviane	1
viviane	1
viviane	1
medeiros	1
crisluci	1
crisluci	1
crisluci	1
crisluci	1
crisluci	1
crisluci	1
campos	1
joaz	1
joaz	1
joaz	1
andres	1
diogo	1
kayokgs	1
joaz	1
pmotta	1
pmotta	1
pmotta	1
pmotta	1
andres	1
joaz	1
joaz	1
andres	1
pmotta	1
kayokgs	1
joaz	1
joaz	1
andremacedo	1
andremacedo	1
andremacedo	1
andres	1
joaz	1
andres	1
andres	1
manguinho	1
joaz	1
andres	1
andres	1
andres	1
pmotta	1
adriao	1
andres	1
andres	1
helton	1
andres	1
daniel	1
joaz	1
joaz	1
andres	1
joaz	1
giovani	1
joaz	1
campos	1
campos	1
campos	1
andres	1
andres	1
andres	1
andres	1
agiselle	1
andres	1
andres	1
joaz	1
andres	1
andremacedo	1
nathalee	1
pmotta	1
pmotta	1
pmotta	1
mfernandes	1
andres	1
andres	1
pmotta	1
andres	1
curvelo	1
andres	1
andres	1
mota	1
andres	1
maitelli	1
giovani	1
andres	1
joaz	1
affonso	1
tfcporciuncula	1
andres	1
andremacedo	1
diogo	1
joaz	1
joaz	1
joaz	1
joaz	1
joaz	1
joaz	1
joaz	1
joaz	1
joaz	1
pmotta	1
joaz	1
joaz	1
joaz	1
joaz	1
joaz	1
andres	1
andres	1
andres	1
andres	1
andres	1
andres	1
andres	1
andres	1
andres	1
andres	1
andres	1
joaz	1
joaz	1
joaz	1
andres	1
joaz	1
giovani	1
andremacedo	1
fatima	1
fatima	1
fatima	1
fatima	1
adriao	1
rivaldo	1
andremacedo	1
ithamar	1
ithamar	1
andres	1
amalusia	1
amalusia	1
amalusia	1
joaomedeiros	1
talis	1
andremacedo	1
fatima	1
danlartin	1
amalusia	1
amalusia	1
luizmedeiros	1
pmotta	1
pmotta	1
pmotta	1
eyglys	1
pmotta	1
aguinaldo	1
clauber	1
clauber	1
clauber	1
clauber	1
clauber	1
diogo	1
giovani	1
andres	1
andres	1
andres	1
andres	1
andres	1
guga	1
andres	1
mfernandes	1
andres	1
andremacedo	1
andres	1
fatima	1
andres	1
pmotta	1
andres	1
andremacedo	1
fatima	1
glaucio	1
pmotta	1
pmotta	1
pmotta	1
allanrsv	1
danise	1
giovani	1
lucas	1
andres	1
andres	1
manguinho	1
ithamar	1
ithamar	1
carlosalberto	1
anamaria	1
andres	1
andremacedo	1
fatima	1
diogo	1
cicilia	1
maitelli	1
brunogomes	1
danielmacedo	1
andremacedo	1
pmotta	1
andres	1
andremacedo	1
fatima	1
giovani	1
frederik	1
andremacedo	1
pmotta	1
pmotta	1
pmotta	1
andres	1
andres	1
andres	1
andres	1
andres	1
andres	1
andres	1
andres	1
andres	1
andres	1
andres	1
pmotta	1
affonso	1
marcelo	1
rmoura	1
andres	1
andremacedo	1
fatima	1
joaomedeiros	1
mfernandes	1
cetdorea	1
adriao	1
luizmedeiros	1
pmotta	1
andres	1
lennedy	1
sarah	1
andremacedo	1
andremacedo	1
fatima	1
diogo	1
diogolr	1
giovani	1
diegomoura	1
diegomoura	1
diegomoura	1
diegomoura	1
sama	1
sama	1
sama	1
sama	1
sama	1
sama	1
diegomoura	1
diegomoura	1
diegomoura	1
diegomoura	1
adelsonlima	1
sama	1
sama	1
lfelipe	1
diegomoura	1
diegomoura	1
diegomoura	1
andres	1
ambj	1
diegomoura	1
diegomoura	1
sama	1
sama	1
sama	1
sama	1
sama	1
andremacedo	1
macedofirmino	1
fatima	1
diegomoura	1
sama	1
medeiros	1
pmotta	1
vitormeneghetti	1
vitormeneghetti	1
vitormeneghetti	1
vitormeneghetti	1
vitormeneghetti	1
vitormeneghetti	1
vitormeneghetti	1
vitormeneghetti	1
vitormeneghetti	1
vitormeneghetti	1
vitormeneghetti	1
andres	1
andremacedo	1
fatima	1
fatima	1
fatima	1
fatima	1
helton	1
talis	1
daniel	1
manguinho	1
adriao	1
maitelli	1
diegomoura	1
agiselle	1
giovani	1
vitormeneghetti	1
diogo	1
andres	1
nathalee	1
andremacedo	1
dennis	1
curvelo	1
pmotta	1
joaomedeiros	1
vitormeneghetti	1
mfernandes	1
tfcporciuncula	1
andres	1
santana	1
andremacedo	1
santana	1
santana	1
diegomoura	1
diegomoura	1
diegomoura	1
campos	1
campos	1
campos	1
diegomoura	1
santana	1
santana	1
campos	1
campos	1
andres	1
santana	1
santana	1
santana	1
santana	1
glaucio	1
santana	1
santana	1
santana	1
pmotta	1
pmotta	1
pmotta	1
campos	1
campos	1
campos	1
vitormeneghetti	1
andres	1
adriao	1
sama	1
sama	1
sama	1
jxpx	1
jxpx	1
jxpx	1
andremacedo	1
jxpx	1
jxpx	1
jxpx	1
jxpx	1
jxpx	1
jxpx	1
jxpx	1
pmotta	1
pmotta	1
pmotta	1
diegomoura	1
jxpx	1
jxpx	1
jxpx	1
jxpx	1
jxpx	1
jxpx	1
jxpx	1
jxpx	1
jxpx	1
jxpx	1
affonso	1
jxpx	1
jxpx	1
jxpx	1
jxpx	1
jxpx	1
jxpx	1
jxpx	1
jxpx	1
aloise	1
aloise	1
aloise	1
aloise	1
rivaldo	1
giovani	1
aloise	1
aloise	1
henrique	1
henrique	1
henrique	1
henrique	1
henrique	1
henrique	1
henrique	1
anamaria	1
henrique	1
henrique	1
henrique	1
henrique	1
henrique	1
henrique	1
vitormeneghetti	1
diegomoura	1
diegomoura	1
diegomoura	1
andres	1
diogo	1
henrique	1
diegomoura	1
diegomoura	1
pmotta	1
andremacedo	1
danlartin	1
diegomoura	1
pmotta	1
luizmedeiros	1
pmotta	1
pmotta	1
eyglys	1
diegomoura	1
diegomoura	1
aguinaldo	1
diegomoura	1
vitormeneghetti	1
guga	1
andres	1
andremacedo	1
vitormeneghetti	1
vitormeneghetti	1
mfernandes	1
maitelli	1
adriao	1
vitormeneghetti	1
vitormeneghetti	1
diegomoura	1
cetdorea	1
vitormeneghetti	1
vitormeneghetti	1
lucas	1
vitormeneghetti	1
vitormeneghetti	1
vitormeneghetti	1
vitormeneghetti	1
andremacedo	1
joaz	1
joaz	1
joaz	1
joaz	1
joaz	1
joaz	1
joaz	1
andres	1
fary	1
fary	1
fary	1
andremacedo	1
diegomoura	1
allanrsv	1
danise	1
giovani	1
acpifer	1
pmotta	1
marcelo	1
carlosalberto	1
manguinho	1
diegomoura	1
andres	1
joaomedeiros	1
mfernandes	1
andremacedo	1
mfernandes	1
cicilia	1
diogo	1
brunogomes	1
mfernandes	1
melinda	1
melinda	1
melinda	1
melinda	1
danielmacedo	1
sama	1
sama	1
sama	1
andremacedo	1
sama	1
andres	1
mfernandes	1
andremacedo	1
andremacedo	1
andres	1
andres	1
andres	1
andres	1
andres	1
andres	1
andres	1
andres	1
andres	1
andres	1
andres	1
sama	1
sama	1
mfernandes	1
frederik	1
mfernandes	1
rmoura	1
andres	1
affonso	1
mfernandes	1
andremacedo	1
pmotta	1
talis	1
mfernandes	1
pablo	1
pablo	1
pablo	1
glaucio	1
pablo	1
pablo	1
pablo	1
pablo	1
giovani	1
luizmedeiros	1
campos	1
campos	1
campos	1
mfernandes	1
lennedy	1
andres	1
sarah	1
andremacedo	1
maitelli	1
diogolr	1
mfernandes	1
andremacedo	1
pablo	1
pablo	1
pablo	1
pablo	1
pablo	1
pablo	1
pablo	1
adriao	1
pablo	1
pablo	1
pablo	1
pablo	1
pablo	1
adelsonlima	1
amalusia	1
amalusia	1
amalusia	1
amalusia	1
lfelipe	1
campos	1
mfernandes	1
andres	1
ambj	1
macedofirmino	1
andremacedo	1
amalusia	1
diogo	1
amalusia	1
amalusia	1
pablo	1
amalusia	1
pablo	1
amalusia	1
pablo	1
amalusia	1
pablo	1
pablo	1
amalusia	1
pablo	1
amalusia	1
pablo	1
pablo	1
diegorc	1
amalusia	1
pablo	1
amalusia	1
diegorc	1
mfernandes	1
pablo	1
amalusia	1
pablo	1
diegorc	1
diegorc	1
amalusia	1
amalusia	1
amalusia	1
pablo	1
amalusia	1
pablo	1
pablo	1
amalusia	1
campos	1
campos	1
campos	1
amalusia	1
amalusia	1
andres	1
pablo	1
andres	1
andres	1
andres	1
andres	1
andres	1
andres	1
andres	1
andres	1
andres	1
andres	1
pablo	1
amalusia	1
amalusia	1
amalusia	1
medeiros	1
amalusia	1
amalusia	1
amalusia	1
adriao	1
andremacedo	1
mfernandes	1
andres	1
campos	1
campos	1
campos	1
andremacedo	1
andremacedo	1
andremacedo	1
andremacedo	1
sama	1
sama	1
sama	1
sama	1
helton	1
andres	1
daniel	1
sama	1
sama	1
diegorc	1
pablo	1
pmotta	1
mfernandes	1
campos	1
agiselle	1
campos	1
julianamedeiros	1
julianamedeiros	1
julianamedeiros	1
julianamedeiros	1
joaomedeiros	1
julianamedeiros	1
andres	1
julianamedeiros	1
campos	1
julianamedeiros	1
andres	1
andres	1
andres	1
andres	1
andres	1
andres	1
andres	1
andres	1
andres	1
andres	1
nathalee	1
andres	1
andremacedo	1
julianamedeiros	1
julianamedeiros	1
andres	1
ivan	1
ivan	1
ivan	1
ivan	1
ivan	1
mfernandes	1
dennis	1
